app/build/intermediates/manifest_merge_blame_file/debug/manifest-merger-blame-debug-report.txt
1<?xml version="1.0" encoding="utf-8"?>
2<manifest xmlns:android="http://schemas.android.com/apk/res/android"
3    package="com.huji.couchmirage"
4    android:versionCode="1"
5    android:versionName="1.0" >
6
7    <uses-sdk
8        android:minSdkVersion="24"
8-->src/main/AndroidManifest.xml
9        android:targetSdkVersion="29" />
9-->src/main/AndroidManifest.xml
10
11    <!-- ARCODE REQUIRED -->
12    <uses-permission android:name="android.permission.CAMERA" />
12-->src/main/AndroidManifest.xml:6:5-65
12-->src/main/AndroidManifest.xml:6:22-62
13    <uses-permission android:name="android.permission.INTERNET" />
13-->src/main/AndroidManifest.xml:7:5-67
13-->src/main/AndroidManifest.xml:7:22-64
14
15    <uses-feature
15-->src/main/AndroidManifest.xml:8:5-78
16        android:glEsVersion="0x00030000"
16-->src/main/AndroidManifest.xml:8:19-51
17        android:required="true" />
17-->src/main/AndroidManifest.xml:8:52-75
18    <uses-feature android:name="android.hardware.camera.ar" />
18-->src/main/AndroidManifest.xml:9:5-63
18-->src/main/AndroidManifest.xml:9:19-60
19
20    <application
20-->src/main/AndroidManifest.xml:12:5-31:19
21        android:allowBackup="true"
21-->src/main/AndroidManifest.xml:13:9-35
22        android:appComponentFactory="androidx.core.app.CoreComponentFactory"
22-->[androidx.core:core:1.3.1] AndroidManifest.xml:24:18-86
23        android:debuggable="true"
24        android:extractNativeLibs="false"
25        android:icon="@mipmap/ic_launcher"
25-->src/main/AndroidManifest.xml:14:9-43
26        android:label="@string/app_name"
26-->src/main/AndroidManifest.xml:15:9-41
27        android:roundIcon="@mipmap/ic_launcher_round"
27-->src/main/AndroidManifest.xml:16:9-54
28        android:supportsRtl="true"
28-->src/main/AndroidManifest.xml:17:9-35
29        android:testOnly="true"
30        android:theme="@style/AppTheme" >
30-->src/main/AndroidManifest.xml:18:9-40
31        <activity android:name="com.huji.couchmirage.OpenCameraActivity" >
31-->src/main/AndroidManifest.xml:19:9-25:20
31-->src/main/AndroidManifest.xml:19:19-53
32            <intent-filter>
32-->src/main/AndroidManifest.xml:20:13-24:29
33                <action android:name="android.intent.action.MAIN" />
33-->src/main/AndroidManifest.xml:21:17-69
33-->src/main/AndroidManifest.xml:21:25-66
34
35                <category android:name="android.intent.category.LAUNCHER" />
35-->src/main/AndroidManifest.xml:23:17-77
35-->src/main/AndroidManifest.xml:23:27-74
36            </intent-filter>
37        </activity>
38
39        <!-- ARCODE REQUIRED -->
40
41        <meta-data
41-->src/main/AndroidManifest.xml:29:9-81
42            android:name="com.google.ar.core"
42-->src/main/AndroidManifest.xml:29:20-53
43            android:value="required" />
43-->src/main/AndroidManifest.xml:29:54-78
44
45        <!-- The minimal version code of ARCore APK required for an app using this SDK. -->
46        <meta-data
46-->[com.google.ar:core:1.16.0] AndroidManifest.xml:33:9-35:41
47            android:name="com.google.ar.core.min_apk_version"
47-->[com.google.ar:core:1.16.0] AndroidManifest.xml:34:13-62
48            android:value="191220000" /> <!-- This activity is critical for installing ARCore when it is not already present. -->
48-->[com.google.ar:core:1.16.0] AndroidManifest.xml:35:13-38
49        <activity
49-->[com.google.ar:core:1.16.0] AndroidManifest.xml:37:9-43:80
50            android:name="com.google.ar.core.InstallActivity"
50-->[com.google.ar:core:1.16.0] AndroidManifest.xml:38:13-62
51            android:configChanges="keyboardHidden|orientation|screenSize"
51-->[com.google.ar:core:1.16.0] AndroidManifest.xml:39:13-74
52            android:excludeFromRecents="true"
52-->[com.google.ar:core:1.16.0] AndroidManifest.xml:40:13-46
53            android:exported="false"
53-->[com.google.ar:core:1.16.0] AndroidManifest.xml:41:13-37
54            android:launchMode="singleTop"
54-->[com.google.ar:core:1.16.0] AndroidManifest.xml:42:13-43
55            android:theme="@android:style/Theme.Material.Light.Dialog.Alert" />
55-->[com.google.ar:core:1.16.0] AndroidManifest.xml:43:13-77
56    </application>
57
58</manifest>